Arguments: 
  /home/professorcodegeek/.nvm/versions/node/v16.13.1/bin/node /home/professorcodegeek/.nvm/versions/node/v16.13.1/bin/yarn

PATH: 
  /home/professorcodegeek/.local/share/solana/install/active_release/bin:/home/professorcodegeek/.cargo/bin:/home/professorcodegeek/.nvm/versions/node/v16.13.1/bin:/usr/local/sbin:/usr/local/bin:/usr/sbin:/usr/bin:/sbin:/bin:/usr/games:/usr/local/games:/usr/lib/wsl/lib:/mnt/c/Python310/Scripts/:/mnt/c/Python310/:/mnt/c/Program Files/Common Files/Oracle/Java/javapath:/mnt/c/Python39/Scripts/:/mnt/c/Python39/:/mnt/c/WINDOWS/system32:/mnt/c/WINDOWS:/mnt/c/WINDOWS/System32/Wbem:/mnt/c/WINDOWS/System32/WindowsPowerShell/v1.0/:/mnt/c/WINDOWS/System32/OpenSSH/:/mnt/c/Program Files/Calibre2/:/mnt/c/ProgramData/chocolatey/bin:/mnt/c/Program Files/Java/jdk-16.0.2/bin:/mnt/c/Program Files/nodejs/:/mnt/c/Program Files/Git/cmd:/mnt/c/Program Files/Git/mingw64/bin:/mnt/c/Program Files/Git/usr/bin:/mnt/c/Program Files/Docker/Docker/resources/bin:/mnt/c/ProgramData/DockerDesktop/version-bin:/mnt/c/Program Files/PowerShell/7/:/mnt/c/Program Files/PowerShell/7-preview/preview:/mnt/c/Users/professorCodeGeek/.cargo/bin:/mnt/c/Users/professorCodeGeek/AppData/Local/Microsoft/WindowsApps:/mnt/c/Users/professorCodeGeek/AppData/Local/Programs/Microsoft VS Code/bin:/mnt/c/Users/professorCodeGeek/AppData/Local/atom/bin:/mnt/c/Program Files/heroku/bin:/mnt/c/Users/professorCodeGeek/AppData/Roaming/npm:/snap/bin

Yarn version: 
  1.22.18

Node version: 
  16.13.1

Platform: 
  linux x64

Trace: 
  Error: getaddrinfo EAI_AGAIN registry.yarnpkg.com
      at GetAddrInfoReqWrap.onlookup [as oncomplete] (node:dns:71:26)

npm manifest: 
  {
      "scripts": {
          "lint:fix": "prettier */*.js \"*/**/*{.js,.ts}\" -w",
          "lint": "prettier */*.js \"*/**/*{.js,.ts}\" --check"
      },
      "dependencies": {
          "@project-serum/anchor": "^0.25.0"
      },
      "devDependencies": {
          "chai": "^4.3.4",
          "mocha": "^9.0.3",
          "ts-mocha": "^10.0.0",
          "@types/bn.js": "^5.1.0",
          "@types/chai": "^4.3.0",
          "@types/mocha": "^9.0.0",
          "typescript": "^4.3.5",
          "prettier": "^2.6.2"
      }
  }

yarn manifest: 
  No manifest

Lockfile: 
  No lockfile
